<?xml version="1.0" encoding="UTF-8"?>
<!-- Generated by org.testng.reporters.JUnitXMLReporter -->
<testsuite ignored="0" hostname="DESKTOP-0MGR9KI" failures="0" tests="4" name="Default test" time="13.249" errors="0" timestamp="2022-06-17T10:45:47 ICT">
  <testcase classname="com.nexsoft.test.login.UserLoginTest" name="test_btnSignIn_gotoSignInPage" time="1.195"/>
  <testcase classname="com.nexsoft.test.login.UserLoginTest" name="test_signInSuccess_gotoMainPage" time="3.018"/>
  <testcase classname="com.nexsoft.test.login.UserLoginTest" name="test_signInFail_usernameValid_passwordNotValid" time="1.642"/>
  <testcase classname="com.nexsoft.test.login.UserLoginTest" name="test_signInFail_usernameNotValid_passwordNotValid" time="1.684"/>
</testsuite> <!-- Default test -->
