<?xml version="1.0" encoding="UTF-8"?>
<testng-results ignored="1" total="9" passed="8" failed="0" skipped="0">
  <reporter-output>
    <line>
      <![CDATA[<img src='file://D:\selenium-workspace\Week4_Final\hasilScreenshot\20220617_154614.png'height="450" width="1017"/>]]>
    </line>
    <line>
      <![CDATA[<img src='file://D:\selenium-workspace\Week4_Final\hasilScreenshot\20220617_154616.png'height="450" width="1017"/>]]>
    </line>
    <line>
      <![CDATA[<img src='file://D:\selenium-workspace\Week4_Final\hasilScreenshot\20220617_154619.png'height="450" width="1017"/>]]>
    </line>
    <line>
      <![CDATA[<img src='file://D:\selenium-workspace\Week4_Final\hasilScreenshot\20220617_154621.png'height="450" width="1017"/>]]>
    </line>
    <line>
      <![CDATA[<img src='file://D:\selenium-workspace\Week4_Final\hasilScreenshot\20220617_154623.png'height="450" width="1017"/>]]>
    </line>
    <line>
      <![CDATA[<img src='file://D:\selenium-workspace\Week4_Final\hasilScreenshot\20220617_154624.png'height="450" width="1017"/>]]>
    </line>
    <line>
      <![CDATA[<img src='file://D:\selenium-workspace\Week4_Final\hasilScreenshot\20220617_154628.png'height="450" width="1017"/>]]>
    </line>
    <line>
      <![CDATA[<img src='file://D:\selenium-workspace\Week4_Final\hasilScreenshot\20220617_154630.png'height="450" width="1017"/>]]>
    </line>
  </reporter-output>
  <suite started-at="2022-06-17T15:46:08 ICT" name="SuiteTest" finished-at="2022-06-17T15:46:31 ICT" duration-ms="22838">
    <groups>
    </groups>
    <test started-at="2022-06-17T15:46:08 ICT" name="User Login" finished-at="2022-06-17T15:46:31 ICT" duration-ms="22838">
      <class name="com.nexsoft.test.login.UserLoginTest">
        <test-method is-config="true" signature="init()[pri:0, instance:com.nexsoft.test.login.UserLoginTest@a38c7fe]" started-at="2022-06-17T15:46:08 ICT" name="init" finished-at="2022-06-17T15:46:13 ICT" duration-ms="4459" status="PASS">
          <reporter-output>
          </reporter-output>
        </test-method> <!-- init -->
        <test-method is-config="true" signature="cekSession()[pri:0, instance:com.nexsoft.test.login.UserLoginTest@a38c7fe]" started-at="2022-06-17T15:46:13 ICT" name="cekSession" finished-at="2022-06-17T15:46:13 ICT" duration-ms="232" status="PASS">
          <reporter-output>
          </reporter-output>
        </test-method> <!-- cekSession -->
        <test-method signature="test_btnSignIn_gotoSignInPage()[pri:1, instance:com.nexsoft.test.login.UserLoginTest@a38c7fe]" started-at="2022-06-17T15:46:13 ICT" name="test_btnSignIn_gotoSignInPage" finished-at="2022-06-17T15:46:14 ICT" duration-ms="1082" status="PASS">
          <reporter-output>
            <line>
              <![CDATA[<img src='file://D:\selenium-workspace\Week4_Final\hasilScreenshot\20220617_154614.png'height="450" width="1017"/>]]>
            </line>
          </reporter-output>
        </test-method> <!-- test_btnSignIn_gotoSignInPage -->
        <test-method is-config="true" signature="cekSession()[pri:0, instance:com.nexsoft.test.login.UserLoginTest@a38c7fe]" started-at="2022-06-17T15:46:14 ICT" name="cekSession" finished-at="2022-06-17T15:46:14 ICT" duration-ms="249" status="PASS">
          <reporter-output>
          </reporter-output>
        </test-method> <!-- cekSession -->
        <test-method signature="test_signInSuccess_gotoMainPage()[pri:2, instance:com.nexsoft.test.login.UserLoginTest@a38c7fe]" started-at="2022-06-17T15:46:14 ICT" name="test_signInSuccess_gotoMainPage" finished-at="2022-06-17T15:46:17 ICT" duration-ms="2801" status="PASS">
          <reporter-output>
            <line>
              <![CDATA[<img src='file://D:\selenium-workspace\Week4_Final\hasilScreenshot\20220617_154616.png'height="450" width="1017"/>]]>
            </line>
          </reporter-output>
        </test-method> <!-- test_signInSuccess_gotoMainPage -->
        <test-method is-config="true" signature="cekSession()[pri:0, instance:com.nexsoft.test.login.UserLoginTest@a38c7fe]" started-at="2022-06-17T15:46:17 ICT" name="cekSession" finished-at="2022-06-17T15:46:17 ICT" duration-ms="246" status="PASS">
          <reporter-output>
          </reporter-output>
        </test-method> <!-- cekSession -->
        <test-method signature="test_signInFail_usernameValid_passwordNotValid()[pri:3, instance:com.nexsoft.test.login.UserLoginTest@a38c7fe]" started-at="2022-06-17T15:46:17 ICT" name="test_signInFail_usernameValid_passwordNotValid" finished-at="2022-06-17T15:46:19 ICT" duration-ms="1532" status="PASS">
          <reporter-output>
            <line>
              <![CDATA[<img src='file://D:\selenium-workspace\Week4_Final\hasilScreenshot\20220617_154619.png'height="450" width="1017"/>]]>
            </line>
          </reporter-output>
        </test-method> <!-- test_signInFail_usernameValid_passwordNotValid -->
        <test-method is-config="true" signature="cekSession()[pri:0, instance:com.nexsoft.test.login.UserLoginTest@a38c7fe]" started-at="2022-06-17T15:46:19 ICT" name="cekSession" finished-at="2022-06-17T15:46:19 ICT" duration-ms="231" status="PASS">
          <reporter-output>
          </reporter-output>
        </test-method> <!-- cekSession -->
        <test-method signature="test_signInFail_usernameNotValid_passwordNotValid()[pri:4, instance:com.nexsoft.test.login.UserLoginTest@a38c7fe]" started-at="2022-06-17T15:46:19 ICT" name="test_signInFail_usernameNotValid_passwordNotValid" finished-at="2022-06-17T15:46:21 ICT" duration-ms="1609" status="PASS">
          <reporter-output>
            <line>
              <![CDATA[<img src='file://D:\selenium-workspace\Week4_Final\hasilScreenshot\20220617_154621.png'height="450" width="1017"/>]]>
            </line>
          </reporter-output>
        </test-method> <!-- test_signInFail_usernameNotValid_passwordNotValid -->
        <test-method is-config="true" signature="cekSession()[pri:0, instance:com.nexsoft.test.login.UserLoginTest@a38c7fe]" started-at="2022-06-17T15:46:21 ICT" name="cekSession" finished-at="2022-06-17T15:46:21 ICT" duration-ms="247" status="PASS">
          <reporter-output>
          </reporter-output>
        </test-method> <!-- cekSession -->
        <test-method signature="test_signInFail_emptyUsernamePassword()[pri:5, instance:com.nexsoft.test.login.UserLoginTest@a38c7fe]" started-at="2022-06-17T15:46:21 ICT" name="test_signInFail_emptyUsernamePassword" finished-at="2022-06-17T15:46:23 ICT" duration-ms="1558" status="PASS">
          <reporter-output>
            <line>
              <![CDATA[<img src='file://D:\selenium-workspace\Week4_Final\hasilScreenshot\20220617_154623.png'height="450" width="1017"/>]]>
            </line>
          </reporter-output>
        </test-method> <!-- test_signInFail_emptyUsernamePassword -->
        <test-method is-config="true" signature="cekSession()[pri:0, instance:com.nexsoft.test.login.UserLoginTest@a38c7fe]" started-at="2022-06-17T15:46:23 ICT" name="cekSession" finished-at="2022-06-17T15:46:23 ICT" duration-ms="254" status="PASS">
          <reporter-output>
          </reporter-output>
        </test-method> <!-- cekSession -->
        <test-method signature="test_btnSignUp_gotoSignUpPage()[pri:6, instance:com.nexsoft.test.login.UserLoginTest@a38c7fe]" started-at="2022-06-17T15:46:23 ICT" name="test_btnSignUp_gotoSignUpPage" finished-at="2022-06-17T15:46:24 ICT" duration-ms="1398" status="PASS">
          <reporter-output>
            <line>
              <![CDATA[<img src='file://D:\selenium-workspace\Week4_Final\hasilScreenshot\20220617_154624.png'height="450" width="1017"/>]]>
            </line>
          </reporter-output>
        </test-method> <!-- test_btnSignUp_gotoSignUpPage -->
        <test-method is-config="true" signature="cekSession()[pri:0, instance:com.nexsoft.test.login.UserLoginTest@a38c7fe]" started-at="2022-06-17T15:46:24 ICT" name="cekSession" finished-at="2022-06-17T15:46:25 ICT" duration-ms="270" status="PASS">
          <reporter-output>
          </reporter-output>
        </test-method> <!-- cekSession -->
        <test-method signature="test_signUp_createNewAccount()[pri:7, instance:com.nexsoft.test.login.UserLoginTest@a38c7fe]" started-at="2022-06-17T15:46:25 ICT" name="test_signUp_createNewAccount" finished-at="2022-06-17T15:46:28 ICT" duration-ms="3708" status="PASS">
          <reporter-output>
            <line>
              <![CDATA[<img src='file://D:\selenium-workspace\Week4_Final\hasilScreenshot\20220617_154628.png'height="450" width="1017"/>]]>
            </line>
          </reporter-output>
        </test-method> <!-- test_signUp_createNewAccount -->
        <test-method is-config="true" signature="cekSession()[pri:0, instance:com.nexsoft.test.login.UserLoginTest@a38c7fe]" started-at="2022-06-17T15:46:28 ICT" name="cekSession" finished-at="2022-06-17T15:46:28 ICT" duration-ms="232" status="PASS">
          <reporter-output>
          </reporter-output>
        </test-method> <!-- cekSession -->
        <test-method signature="test_signUp_usingNewAccount()[pri:8, instance:com.nexsoft.test.login.UserLoginTest@a38c7fe]" started-at="2022-06-17T15:46:28 ICT" name="test_signUp_usingNewAccount" finished-at="2022-06-17T15:46:31 ICT" duration-ms="2659" status="PASS">
          <reporter-output>
            <line>
              <![CDATA[<img src='file://D:\selenium-workspace\Week4_Final\hasilScreenshot\20220617_154630.png'height="450" width="1017"/>]]>
            </line>
          </reporter-output>
        </test-method> <!-- test_signUp_usingNewAccount -->
      </class> <!-- com.nexsoft.test.login.UserLoginTest -->
    </test> <!-- User Login -->
  </suite> <!-- SuiteTest -->
</testng-results>
