<?xml version="1.0" encoding="UTF-8"?>
<!-- Generated by org.testng.reporters.JUnitXMLReporter -->
<testsuite ignored="1" hostname="DESKTOP-0MGR9KI" failures="0" tests="8" name="User Login" time="22.838" errors="0" timestamp="2022-06-17T15:46:31 ICT">
  <testcase classname="com.nexsoft.test.login.UserLoginTest" name="test_btnSignIn_gotoSignInPage" time="1.082"/>
  <testcase classname="com.nexsoft.test.login.UserLoginTest" name="test_signInSuccess_gotoMainPage" time="2.801"/>
  <testcase classname="com.nexsoft.test.login.UserLoginTest" name="test_signInFail_usernameValid_passwordNotValid" time="1.532"/>
  <testcase classname="com.nexsoft.test.login.UserLoginTest" name="test_signInFail_usernameNotValid_passwordNotValid" time="1.609"/>
  <testcase classname="com.nexsoft.test.login.UserLoginTest" name="test_signInFail_emptyUsernamePassword" time="1.558"/>
  <testcase classname="com.nexsoft.test.login.UserLoginTest" name="test_btnSignUp_gotoSignUpPage" time="1.398"/>
  <testcase classname="com.nexsoft.test.login.UserLoginTest" name="test_signUp_createNewAccount" time="3.708"/>
  <testcase classname="com.nexsoft.test.login.UserLoginTest" name="test_signUp_usingNewAccount" time="2.659"/>
  <testcase classname="com.nexsoft.test.login.UserLoginTest" name="test_signUp_checkAllComponent" time="0.0">
    <ignored/>
  </testcase> <!-- test_signUp_checkAllComponent -->
</testsuite> <!-- User Login -->
