<?xml version="1.0" encoding="UTF-8"?>
<!-- Generated by org.testng.reporters.JUnitXMLReporter -->
<testsuite ignored="0" hostname="DESKTOP-0MGR9KI" failures="0" tests="6" name="User Login" time="17.034" errors="0" timestamp="2022-06-17T11:03:23 ICT">
  <testcase classname="com.nexsoft.test.login.UserLoginTest" name="test_btnSignIn_gotoSignInPage" time="1.27"/>
  <testcase classname="com.nexsoft.test.login.UserLoginTest" name="test_signInSuccess_gotoMainPage" time="3.13"/>
  <testcase classname="com.nexsoft.test.login.UserLoginTest" name="test_signInFail_usernameValid_passwordNotValid" time="1.704"/>
  <testcase classname="com.nexsoft.test.login.UserLoginTest" name="test_signInFail_usernameNotValid_passwordNotValid" time="1.665"/>
  <testcase classname="com.nexsoft.test.login.UserLoginTest" name="test_signInFail_emptyUsernamePassword" time="1.738"/>
  <testcase classname="com.nexsoft.test.login.UserLoginTest" name="test_signUp_newUser" time="1.458"/>
</testsuite> <!-- User Login -->
